GAS LISTING /tmp/cc7Hn8H4.s 			page 1


   1              		.file	"KernelThreadFunctions.cpp"
   2              		.option pic
   3              		.option norelax
   4              		.text
   5              	.Ltext0:
   6              		.align	2
   7              		.globl	_Z24putcKernelThreadFunctionPv
   9              	_Z24putcKernelThreadFunctionPv:
  10              	.LFB50:
  11              		.file 1 "src/KernelThreadFunctions.cpp"
   1:src/KernelThreadFunctions.cpp **** #include "../h/KernelThreadFunctions.hpp"
   2:src/KernelThreadFunctions.cpp **** #include "../h/KernelBuffer.hpp"
   3:src/KernelThreadFunctions.cpp **** #include "../lib/hw.h"
   4:src/KernelThreadFunctions.cpp **** 
   5:src/KernelThreadFunctions.cpp **** void putcKernelThreadFunction(void* arg) {
  12              		.loc 1 5 42
  13              		.cfi_startproc
  14              	.LVL0:
  15 0000 130101FE 		addi	sp,sp,-32
  16              		.cfi_def_cfa_offset 32
  17 0004 233C1100 		sd	ra,24(sp)
  18 0008 23388100 		sd	s0,16(sp)
  19 000c 23349100 		sd	s1,8(sp)
  20              		.cfi_offset 1, -8
  21              		.cfi_offset 8, -16
  22              		.cfi_offset 9, -24
  23 0010 13040102 		addi	s0,sp,32
  24              		.cfi_def_cfa 8, 0
   6:src/KernelThreadFunctions.cpp ****     switchUserToSupervisor();
  25              		.loc 1 6 5
  26              		.loc 1 6 27 is_stmt 0
  27 0014 97000000 		call	_Z22switchUserToSupervisorv@plt
  27      E7800000 
  28              	.LVL1:
  29              	.L2:
   7:src/KernelThreadFunctions.cpp ****     while (true) {
  30              		.loc 1 7 5 is_stmt 1
  31              	.LBB2:
   8:src/KernelThreadFunctions.cpp ****         while (*reinterpret_cast<char*>(CONSOLE_STATUS) & CONSOLE_TX_STATUS_BIT) {
  32              		.loc 1 8 9
  33              		.loc 1 8 59
  34              		.loc 1 8 16 is_stmt 0
  35 001c 97070000 		la	a5,CONSOLE_STATUS
  35      83B70700 
  36 0024 83B40700 		ld	s1,0(a5)
  37 0028 83C70400 		lbu	a5,0(s1)
  38              		.loc 1 8 59
  39 002c 93F70702 		andi	a5,a5,32
  40 0030 E38607FE 		beqz	a5,.L2
  41              	.LBB3:
   9:src/KernelThreadFunctions.cpp ****             // sve dok je konzola spremna da primi podatak saljemo joj
  10:src/KernelThreadFunctions.cpp ****             char newCharacter = KernelBuffer::putcGetInstance()->removeFromBuffer();
  42              		.loc 1 10 13 is_stmt 1
  43              		.loc 1 10 82 is_stmt 0
  44 0034 97000000 		call	_ZN12KernelBuffer15putcGetInstanceEv@plt
  44      E7800000 
  45              	.LVL2:
GAS LISTING /tmp/cc7Hn8H4.s 			page 2


  46 003c 97000000 		call	_ZN12KernelBuffer16removeFromBufferEv@plt
  46      E7800000 
  47              	.LVL3:
  48              		.loc 1 10 83
  49 0044 1375F50F 		andi	a0,a0,0xff
  50              	.LVL4:
  11:src/KernelThreadFunctions.cpp ****             if (*reinterpret_cast<char*>(CONSOLE_STATUS) & CONSOLE_TX_STATUS_BIT) {
  51              		.loc 1 11 13 is_stmt 1
  52              		.loc 1 11 17 is_stmt 0
  53 0048 83C70400 		lbu	a5,0(s1)
  54              		.loc 1 11 13
  55 004c 93F70702 		andi	a5,a5,32
  56 0050 E38607FC 		beqz	a5,.L2
  12:src/KernelThreadFunctions.cpp ****                 *reinterpret_cast<char*>(CONSOLE_TX_DATA) = newCharacter;
  57              		.loc 1 12 17 is_stmt 1
  58 0054 97070000 		la	a5,CONSOLE_TX_DATA
  58      83B70700 
  59 005c 83B70700 		ld	a5,0(a5)
  60              		.loc 1 12 59 is_stmt 0
  61 0060 2380A700 		sb	a0,0(a5)
  62 0064 6FF09FFB 		j	.L2
  63              	.LBE3:
  64              	.LBE2:
  65              		.cfi_endproc
  66              	.LFE50:
  68              	.Letext0:
  69              		.file 2 "src/../h/../h/../lib/hw.h"
  70              		.file 3 "src/../h/../h/TCB.hpp"
  71              		.file 4 "src/../h/../h/KernelSemaphore.hpp"
  72              		.file 5 "src/../h/KernelBuffer.hpp"
  73              		.file 6 "src/../h/../h/syscall_c.h"
GAS LISTING /tmp/cc7Hn8H4.s 			page 3


DEFINED SYMBOLS
                            *ABS*:0000000000000000 KernelThreadFunctions.cpp
     /tmp/cc7Hn8H4.s:9      .text:0000000000000000 _Z24putcKernelThreadFunctionPv
     /tmp/cc7Hn8H4.s:13     .text:0000000000000000 .L0 
     /tmp/cc7Hn8H4.s:15     .text:0000000000000000 .L0 
     /tmp/cc7Hn8H4.s:16     .text:0000000000000004 .L0 
     /tmp/cc7Hn8H4.s:20     .text:0000000000000010 .L0 
     /tmp/cc7Hn8H4.s:21     .text:0000000000000010 .L0 
     /tmp/cc7Hn8H4.s:22     .text:0000000000000010 .L0 
     /tmp/cc7Hn8H4.s:24     .text:0000000000000014 .L0 
     /tmp/cc7Hn8H4.s:26     .text:0000000000000014 .L0 
     /tmp/cc7Hn8H4.s:27     .text:0000000000000014 .L0 
     /tmp/cc7Hn8H4.s:32     .text:000000000000001c .L0 
     /tmp/cc7Hn8H4.s:33     .text:000000000000001c .L0 
     /tmp/cc7Hn8H4.s:34     .text:000000000000001c .L0 
     /tmp/cc7Hn8H4.s:35     .text:000000000000001c .L0 
     /tmp/cc7Hn8H4.s:39     .text:000000000000002c .L0 
     /tmp/cc7Hn8H4.s:43     .text:0000000000000034 .L0 
     /tmp/cc7Hn8H4.s:44     .text:0000000000000034 .L0 
     /tmp/cc7Hn8H4.s:49     .text:0000000000000044 .L0 
     /tmp/cc7Hn8H4.s:52     .text:0000000000000048 .L0 
     /tmp/cc7Hn8H4.s:53     .text:0000000000000048 .L0 
     /tmp/cc7Hn8H4.s:55     .text:000000000000004c .L0 
     /tmp/cc7Hn8H4.s:58     .text:0000000000000054 .L0 
     /tmp/cc7Hn8H4.s:61     .text:0000000000000060 .L0 
     /tmp/cc7Hn8H4.s:65     .text:0000000000000068 .L0 
     /tmp/cc7Hn8H4.s:74     .text:0000000000000068 .L0 
     /tmp/cc7Hn8H4.s:35     .text:000000000000001c .L0 
     /tmp/cc7Hn8H4.s:58     .text:0000000000000054 .L0 
     /tmp/cc7Hn8H4.s:29     .text:000000000000001c .L2
     /tmp/cc7Hn8H4.s:1320   .debug_abbrev:0000000000000000 .Ldebug_abbrev0
     /tmp/cc7Hn8H4.s:2320   .debug_str:0000000000000acb .LASF162
     /tmp/cc7Hn8H4.s:2096   .debug_str:00000000000001b9 .LASF163
     /tmp/cc7Hn8H4.s:2332   .debug_str:0000000000000bdc .LASF164
     /tmp/cc7Hn8H4.s:5      .text:0000000000000000 .Ltext0
     /tmp/cc7Hn8H4.s:68     .text:0000000000000068 .Letext0
     /tmp/cc7Hn8H4.s:2050   .debug_line:0000000000000000 .Ldebug_line0
     /tmp/cc7Hn8H4.s:2172   .debug_str:00000000000004fb .LASF0
     /tmp/cc7Hn8H4.s:2196   .debug_str:0000000000000604 .LASF1
     /tmp/cc7Hn8H4.s:2270   .debug_str:000000000000092a .LASF2
     /tmp/cc7Hn8H4.s:2278   .debug_str:0000000000000965 .LASF4
     /tmp/cc7Hn8H4.s:2182   .debug_str:000000000000055d .LASF3
     /tmp/cc7Hn8H4.s:2070   .debug_str:00000000000000bd .LASF5
     /tmp/cc7Hn8H4.s:2244   .debug_str:000000000000080c .LASF6
     /tmp/cc7Hn8H4.s:2186   .debug_str:0000000000000592 .LASF7
     /tmp/cc7Hn8H4.s:2152   .debug_str:000000000000041d .LASF8
     /tmp/cc7Hn8H4.s:2160   .debug_str:0000000000000468 .LASF9
     /tmp/cc7Hn8H4.s:2104   .debug_str:0000000000000215 .LASF10
     /tmp/cc7Hn8H4.s:2148   .debug_str:0000000000000402 .LASF11
     /tmp/cc7Hn8H4.s:2116   .debug_str:00000000000002b0 .LASF12
     /tmp/cc7Hn8H4.s:2102   .debug_str:0000000000000205 .LASF13
     /tmp/cc7Hn8H4.s:2306   .debug_str:0000000000000a64 .LASF14
     /tmp/cc7Hn8H4.s:2138   .debug_str:000000000000037a .LASF15
     /tmp/cc7Hn8H4.s:2292   .debug_str:00000000000009d6 .LASF16
     /tmp/cc7Hn8H4.s:2314   .debug_str:0000000000000a9c .LASF165
     /tmp/cc7Hn8H4.s:2304   .debug_str:0000000000000a57 .LASF17
     /tmp/cc7Hn8H4.s:2262   .debug_str:00000000000008dd .LASF19
GAS LISTING /tmp/cc7Hn8H4.s 			page 4


     /tmp/cc7Hn8H4.s:2240   .debug_str:00000000000007dc .LASF166
     /tmp/cc7Hn8H4.s:2228   .debug_str:0000000000000777 .LASF21
     /tmp/cc7Hn8H4.s:2224   .debug_str:0000000000000740 .LASF23
     /tmp/cc7Hn8H4.s:2088   .debug_str:0000000000000178 .LASF18
     /tmp/cc7Hn8H4.s:2342   .debug_str:0000000000000c37 .LASF20
     /tmp/cc7Hn8H4.s:2200   .debug_str:0000000000000621 .LASF22
     /tmp/cc7Hn8H4.s:2354   .debug_str:0000000000000cc7 .LASF24
     /tmp/cc7Hn8H4.s:2254   .debug_str:000000000000088c .LASF25
     /tmp/cc7Hn8H4.s:2176   .debug_str:0000000000000518 .LASF26
     /tmp/cc7Hn8H4.s:2144   .debug_str:00000000000003c2 .LASF27
     /tmp/cc7Hn8H4.s:2184   .debug_str:000000000000056f .LASF28
     /tmp/cc7Hn8H4.s:2100   .debug_str:00000000000001ee .LASF29
     /tmp/cc7Hn8H4.s:2166   .debug_str:00000000000004a5 .LASF30
     /tmp/cc7Hn8H4.s:2368   .debug_str:0000000000000d6e .LASF31
     /tmp/cc7Hn8H4.s:2060   .debug_str:000000000000004e .LASF32
     /tmp/cc7Hn8H4.s:2232   .debug_str:0000000000000788 .LASF33
     /tmp/cc7Hn8H4.s:2216   .debug_str:00000000000006e5 .LASF34
     /tmp/cc7Hn8H4.s:2294   .debug_str:00000000000009ec .LASF35
     /tmp/cc7Hn8H4.s:2114   .debug_str:0000000000000290 .LASF37
     /tmp/cc7Hn8H4.s:2080   .debug_str:0000000000000127 .LASF65
     /tmp/cc7Hn8H4.s:2054   .debug_str:0000000000000013 .LASF67
     /tmp/cc7Hn8H4.s:2356   .debug_str:0000000000000ce0 .LASF36
     /tmp/cc7Hn8H4.s:2076   .debug_str:00000000000000ef .LASF38
     /tmp/cc7Hn8H4.s:2250   .debug_str:0000000000000845 .LASF39
     /tmp/cc7Hn8H4.s:2364   .debug_str:0000000000000d31 .LASF40
     /tmp/cc7Hn8H4.s:2238   .debug_str:00000000000007c9 .LASF41
     /tmp/cc7Hn8H4.s:2390   .debug_str:0000000000000e7a .LASF42
     /tmp/cc7Hn8H4.s:2158   .debug_str:0000000000000455 .LASF43
     /tmp/cc7Hn8H4.s:2226   .debug_str:0000000000000758 .LASF44
     /tmp/cc7Hn8H4.s:2052   .debug_str:0000000000000000 .LASF45
     /tmp/cc7Hn8H4.s:2192   .debug_str:00000000000005cd .LASF46
     /tmp/cc7Hn8H4.s:2134   .debug_str:000000000000035a .LASF47
     /tmp/cc7Hn8H4.s:2248   .debug_str:000000000000082d .LASF48
     /tmp/cc7Hn8H4.s:2206   .debug_str:000000000000066d .LASF49
     /tmp/cc7Hn8H4.s:2170   .debug_str:00000000000004e2 .LASF50
     /tmp/cc7Hn8H4.s:2074   .debug_str:00000000000000d8 .LASF51
     /tmp/cc7Hn8H4.s:2260   .debug_str:00000000000008ba .LASF52
     /tmp/cc7Hn8H4.s:2090   .debug_str:0000000000000184 .LASF53
     /tmp/cc7Hn8H4.s:2118   .debug_str:00000000000002c0 .LASF54
     /tmp/cc7Hn8H4.s:2288   .debug_str:00000000000009ac .LASF55
     /tmp/cc7Hn8H4.s:2318   .debug_str:0000000000000aa9 .LASF56
     /tmp/cc7Hn8H4.s:2098   .debug_str:00000000000001d7 .LASF57
     /tmp/cc7Hn8H4.s:2370   .debug_str:0000000000000d85 .LASF58
     /tmp/cc7Hn8H4.s:2376   .debug_str:0000000000000def .LASF59
     /tmp/cc7Hn8H4.s:2190   .debug_str:00000000000005b5 .LASF60
     /tmp/cc7Hn8H4.s:2382   .debug_str:0000000000000e12 .LASF61
     /tmp/cc7Hn8H4.s:2156   .debug_str:0000000000000449 .LASF62
     /tmp/cc7Hn8H4.s:2094   .debug_str:00000000000001a9 .LASF63
     /tmp/cc7Hn8H4.s:2150   .debug_str:0000000000000411 .LASF64
     /tmp/cc7Hn8H4.s:2174   .debug_str:0000000000000508 .LASF66
     /tmp/cc7Hn8H4.s:2214   .debug_str:00000000000006d8 .LASF68
     /tmp/cc7Hn8H4.s:2290   .debug_str:00000000000009c3 .LASF69
     /tmp/cc7Hn8H4.s:2272   .debug_str:0000000000000938 .LASF70
     /tmp/cc7Hn8H4.s:2280   .debug_str:000000000000096c .LASF71
     /tmp/cc7Hn8H4.s:2064   .debug_str:0000000000000099 .LASF72
     /tmp/cc7Hn8H4.s:2066   .debug_str:00000000000000a5 .LASF167
     /tmp/cc7Hn8H4.s:2322   .debug_str:0000000000000b8f .LASF79
GAS LISTING /tmp/cc7Hn8H4.s 			page 5


     /tmp/cc7Hn8H4.s:2208   .debug_str:000000000000067a .LASF81
     /tmp/cc7Hn8H4.s:2106   .debug_str:0000000000000224 .LASF73
     /tmp/cc7Hn8H4.s:2234   .debug_str:000000000000079f .LASF74
     /tmp/cc7Hn8H4.s:2130   .debug_str:000000000000034c .LASF75
     /tmp/cc7Hn8H4.s:2110   .debug_str:0000000000000254 .LASF77
     /tmp/cc7Hn8H4.s:2092   .debug_str:000000000000019b .LASF76
     /tmp/cc7Hn8H4.s:2202   .debug_str:000000000000062e .LASF78
     /tmp/cc7Hn8H4.s:2122   .debug_str:00000000000002f8 .LASF80
     /tmp/cc7Hn8H4.s:2062   .debug_str:0000000000000071 .LASF82
     /tmp/cc7Hn8H4.s:2286   .debug_str:000000000000099b .LASF91
     /tmp/cc7Hn8H4.s:2058   .debug_str:0000000000000049 .LASF83
     /tmp/cc7Hn8H4.s:2330   .debug_str:0000000000000bd2 .LASF84
     /tmp/cc7Hn8H4.s:2378   .debug_str:0000000000000dfb .LASF85
     /tmp/cc7Hn8H4.s:2336   .debug_str:0000000000000c13 .LASF86
     /tmp/cc7Hn8H4.s:2312   .debug_str:0000000000000a93 .LASF87
     /tmp/cc7Hn8H4.s:2334   .debug_str:0000000000000bff .LASF88
     /tmp/cc7Hn8H4.s:2266   .debug_str:0000000000000906 .LASF89
     /tmp/cc7Hn8H4.s:2142   .debug_str:00000000000003b8 .LASF90
     /tmp/cc7Hn8H4.s:2068   .debug_str:00000000000000b3 .LASF92
     /tmp/cc7Hn8H4.s:2360   .debug_str:0000000000000d10 .LASF93
     /tmp/cc7Hn8H4.s:2188   .debug_str:00000000000005a5 .LASF94
     /tmp/cc7Hn8H4.s:2258   .debug_str:00000000000008aa .LASF95
     /tmp/cc7Hn8H4.s:2210   .debug_str:00000000000006ad .LASF96
     /tmp/cc7Hn8H4.s:2120   .debug_str:00000000000002e4 .LASF97
     /tmp/cc7Hn8H4.s:2274   .debug_str:0000000000000945 .LASF98
     /tmp/cc7Hn8H4.s:2350   .debug_str:0000000000000ca8 .LASF99
     /tmp/cc7Hn8H4.s:2264   .debug_str:0000000000000901 .LASF100
     /tmp/cc7Hn8H4.s:2298   .debug_str:0000000000000a17 .LASF101
     /tmp/cc7Hn8H4.s:2282   .debug_str:0000000000000971 .LASF102
     /tmp/cc7Hn8H4.s:2168   .debug_str:00000000000004c9 .LASF103
     /tmp/cc7Hn8H4.s:2268   .debug_str:000000000000091a .LASF104
     /tmp/cc7Hn8H4.s:2140   .debug_str:0000000000000390 .LASF105
     /tmp/cc7Hn8H4.s:2324   .debug_str:0000000000000ba9 .LASF106
     /tmp/cc7Hn8H4.s:2146   .debug_str:00000000000003d9 .LASF107
     /tmp/cc7Hn8H4.s:2132   .debug_str:0000000000000355 .LASF108
     /tmp/cc7Hn8H4.s:2308   .debug_str:0000000000000a70 .LASF109
     /tmp/cc7Hn8H4.s:2310   .debug_str:0000000000000a8c .LASF110
     /tmp/cc7Hn8H4.s:2366   .debug_str:0000000000000d50 .LASF111
     /tmp/cc7Hn8H4.s:2236   .debug_str:00000000000007b7 .LASF112
     /tmp/cc7Hn8H4.s:2242   .debug_str:00000000000007e1 .LASF113
     /tmp/cc7Hn8H4.s:2178   .debug_str:000000000000052b .LASF114
     /tmp/cc7Hn8H4.s:2108   .debug_str:000000000000023b .LASF115
     /tmp/cc7Hn8H4.s:2358   .debug_str:0000000000000cf6 .LASF116
     /tmp/cc7Hn8H4.s:2086   .debug_str:000000000000015e .LASF117
     /tmp/cc7Hn8H4.s:2136   .debug_str:0000000000000367 .LASF118
     /tmp/cc7Hn8H4.s:2302   .debug_str:0000000000000a2c .LASF119
     /tmp/cc7Hn8H4.s:2284   .debug_str:0000000000000982 .LASF120
     /tmp/cc7Hn8H4.s:2346   .debug_str:0000000000000c64 .LASF121
     /tmp/cc7Hn8H4.s:2056   .debug_str:0000000000000030 .LASF122
     /tmp/cc7Hn8H4.s:2154   .debug_str:000000000000042d .LASF123
     /tmp/cc7Hn8H4.s:2372   .debug_str:0000000000000da8 .LASF124
     /tmp/cc7Hn8H4.s:2218   .debug_str:0000000000000709 .LASF125
     /tmp/cc7Hn8H4.s:2252   .debug_str:0000000000000858 .LASF126
     /tmp/cc7Hn8H4.s:2374   .debug_str:0000000000000de0 .LASF127
     /tmp/cc7Hn8H4.s:2348   .debug_str:0000000000000c95 .LASF128
     /tmp/cc7Hn8H4.s:2328   .debug_str:0000000000000bbf .LASF129
     /tmp/cc7Hn8H4.s:2316   .debug_str:0000000000000aa4 .LASF130
GAS LISTING /tmp/cc7Hn8H4.s 			page 6


     /tmp/cc7Hn8H4.s:2340   .debug_str:0000000000000c2a .LASF131
     /tmp/cc7Hn8H4.s:2388   .debug_str:0000000000000e6a .LASF132
     /tmp/cc7Hn8H4.s:2126   .debug_str:0000000000000310 .LASF134
     /tmp/cc7Hn8H4.s:2162   .debug_str:0000000000000476 .LASF133
     /tmp/cc7Hn8H4.s:2386   .debug_str:0000000000000e45 .LASF135
     /tmp/cc7Hn8H4.s:2246   .debug_str:000000000000081f .LASF136
     /tmp/cc7Hn8H4.s:2256   .debug_str:0000000000000894 .LASF137
     /tmp/cc7Hn8H4.s:2380   .debug_str:0000000000000e01 .LASF138
     /tmp/cc7Hn8H4.s:2384   .debug_str:0000000000000e1f .LASF139
     /tmp/cc7Hn8H4.s:2276   .debug_str:0000000000000954 .LASF140
     /tmp/cc7Hn8H4.s:2204   .debug_str:0000000000000647 .LASF141
     /tmp/cc7Hn8H4.s:2072   .debug_str:00000000000000c4 .LASF142
     /tmp/cc7Hn8H4.s:2112   .debug_str:0000000000000267 .LASF143
     /tmp/cc7Hn8H4.s:2352   .debug_str:0000000000000cb1 .LASF144
     /tmp/cc7Hn8H4.s:2344   .debug_str:0000000000000c4e .LASF145
     /tmp/cc7Hn8H4.s:2128   .debug_str:0000000000000335 .LASF146
     /tmp/cc7Hn8H4.s:2194   .debug_str:00000000000005ed .LASF147
     /tmp/cc7Hn8H4.s:2296   .debug_str:0000000000000a01 .LASF148
     /tmp/cc7Hn8H4.s:2212   .debug_str:00000000000006c1 .LASF149
     /tmp/cc7Hn8H4.s:2362   .debug_str:0000000000000d1a .LASF150
     /tmp/cc7Hn8H4.s:2082   .debug_str:0000000000000139 .LASF151
     /tmp/cc7Hn8H4.s:2326   .debug_str:0000000000000bb8 .LASF152
     /tmp/cc7Hn8H4.s:2300   .debug_str:0000000000000a27 .LASF153
     /tmp/cc7Hn8H4.s:2230   .debug_str:0000000000000783 .LASF154
     /tmp/cc7Hn8H4.s:2338   .debug_str:0000000000000c1b .LASF155
     /tmp/cc7Hn8H4.s:2220   .debug_str:0000000000000725 .LASF156
     /tmp/cc7Hn8H4.s:2198   .debug_str:0000000000000617 .LASF157
     /tmp/cc7Hn8H4.s:2124   .debug_str:0000000000000306 .LASF158
     /tmp/cc7Hn8H4.s:2180   .debug_str:0000000000000544 .LASF159
     /tmp/cc7Hn8H4.s:2164   .debug_str:0000000000000486 .LASF160
     /tmp/cc7Hn8H4.s:10     .text:0000000000000000 .LFB50
     /tmp/cc7Hn8H4.s:66     .text:0000000000000068 .LFE50
     /tmp/cc7Hn8H4.s:2023   .debug_loc:0000000000000000 .LLST0
     /tmp/cc7Hn8H4.s:41     .text:0000000000000034 .LBB3
     /tmp/cc7Hn8H4.s:63     .text:0000000000000068 .LBE3
     /tmp/cc7Hn8H4.s:2222   .debug_str:0000000000000733 .LASF161
     /tmp/cc7Hn8H4.s:45     .text:000000000000003c .LVL2
     /tmp/cc7Hn8H4.s:47     .text:0000000000000044 .LVL3
     /tmp/cc7Hn8H4.s:28     .text:000000000000001c .LVL1
     /tmp/cc7Hn8H4.s:2084   .debug_str:0000000000000142 .LASF168
     /tmp/cc7Hn8H4.s:2078   .debug_str:0000000000000110 .LASF169
     /tmp/cc7Hn8H4.s:14     .text:0000000000000000 .LVL0
     /tmp/cc7Hn8H4.s:75     .debug_info:0000000000000000 .Ldebug_info0

UNDEFINED SYMBOLS
_Z22switchUserToSupervisorv
CONSOLE_STATUS
_ZN12KernelBuffer15putcGetInstanceEv
_ZN12KernelBuffer16removeFromBufferEv
CONSOLE_TX_DATA
