GAS LISTING /tmp/ccfRZt6d.s 			page 1


   1              		.file	"ABI_Interface.cpp"
   2              		.option pic
   3              		.option norelax
   4              		.text
   5              	.Ltext0:
   6              		.align	2
   7              		.globl	_Z19prepareArgsAndEcallP11sysCallArgs
   9              	_Z19prepareArgsAndEcallP11sysCallArgs:
  10              	.LFB0:
  11              		.file 1 "src/Code/SystemCalls/ABI_Interface.cpp"
   1:src/Code/SystemCalls/ABI_Interface.cpp **** #include "../../../h/Code/SystemCalls/ABI_Interface.h"
   2:src/Code/SystemCalls/ABI_Interface.cpp **** 
   3:src/Code/SystemCalls/ABI_Interface.cpp **** // ova funkcija predstavlja ABI (Application Binary Interface) - binarni INTERFEJS sistemskih poziv
   4:src/Code/SystemCalls/ABI_Interface.cpp **** // ciljnog procesora; ABI interfejs obezbedjuje prenos argumenata sistemskog poziva preko registara
   5:src/Code/SystemCalls/ABI_Interface.cpp **** // procesora i prelazak na kod jezgra;
   6:src/Code/SystemCalls/ABI_Interface.cpp **** // implementacija prekidne rutine (supervisorTrap) predstavlja IMPLEMENTACIJU ABI sloja interfejsa 
   7:src/Code/SystemCalls/ABI_Interface.cpp **** void prepareArgsAndEcall(sysCallArgs* ptr) {
  12              		.loc 1 7 44
  13              		.cfi_startproc
  14              	.LVL0:
  15 0000 130101FF 		addi	sp,sp,-16
  16              		.cfi_def_cfa_offset 16
  17 0004 23348100 		sd	s0,8(sp)
  18              		.cfi_offset 8, -8
  19 0008 13040101 		addi	s0,sp,16
  20              		.cfi_def_cfa 8, 0
   8:src/Code/SystemCalls/ABI_Interface.cpp ****     __asm__ volatile ("mv a1,%[arg1]" : : [arg1] "r"(ptr->arg1)); // upis parametra ovog sistemskog
  21              		.loc 1 8 5
  22              		.loc 1 8 59 is_stmt 0
  23 000c 83378500 		ld	a5,8(a0)
  24              		.loc 1 8 65
  25              	#APP
  26              	# 8 "src/Code/SystemCalls/ABI_Interface.cpp" 1
   9              	    __asm__ volatile ("mv a2,%[arg2]" : : [arg2] "r"(ptr->arg2)); // upis parametra ovog sistemskog
  27              		mv a1,a5
  28              	# 0 "" 2
  29              		.loc 1 9 5 is_stmt 1
  30              		.loc 1 9 59 is_stmt 0
  31              	#NO_APP
  32 0014 83370501 		ld	a5,16(a0)
  33              		.loc 1 9 65
  34              	#APP
  35              	# 9 "src/Code/SystemCalls/ABI_Interface.cpp" 1
  10              	    __asm__ volatile ("mv a3,%[arg3]" : : [arg3] "r"(ptr->arg3)); // upis parametra ovog sistemskog
  36              		mv a2,a5
  37              	# 0 "" 2
  38              		.loc 1 10 5 is_stmt 1
  39              		.loc 1 10 59 is_stmt 0
  40              	#NO_APP
  41 001c 83378501 		ld	a5,24(a0)
  42              		.loc 1 10 65
  43              	#APP
  44              	# 10 "src/Code/SystemCalls/ABI_Interface.cpp" 1
  11              	    __asm__ volatile ("mv a4,%[arg4]" : : [arg4] "r"(ptr->arg4)); // upis parametra ovog sistemskog
  45              		mv a3,a5
  46              	# 0 "" 2
  47              		.loc 1 11 5 is_stmt 1
GAS LISTING /tmp/ccfRZt6d.s 			page 2


  48              		.loc 1 11 59 is_stmt 0
  49              	#NO_APP
  50 0024 83370502 		ld	a5,32(a0)
  51              		.loc 1 11 65
  52              	#APP
  53              	# 11 "src/Code/SystemCalls/ABI_Interface.cpp" 1
  12              	    __asm__ volatile ("mv a0,%[arg0]" : : [arg0] "r"(ptr->arg0)); // upis koda sistemskog poziva u 
  54              		mv a4,a5
  55              	# 0 "" 2
  56              		.loc 1 12 5 is_stmt 1
  57              		.loc 1 12 59 is_stmt 0
  58              	#NO_APP
  59 002c 83370500 		ld	a5,0(a0)
  60              		.loc 1 12 65
  61              	#APP
  62              	# 12 "src/Code/SystemCalls/ABI_Interface.cpp" 1
  13              	    __asm__ volatile ("ecall"); // instrukcija softverskog prekida
  63              		mv a0,a5
  64              	# 0 "" 2
  65              		.loc 1 13 5 is_stmt 1
  66              		.loc 1 13 31 is_stmt 0
  67              	# 13 "src/Code/SystemCalls/ABI_Interface.cpp" 1
  14              	}...
  68              		ecall
  69              	# 0 "" 2
  70              		.loc 1 14 1
  71              	#NO_APP
  72 0038 03348100 		ld	s0,8(sp)
  73              		.cfi_restore 8
  74              		.cfi_def_cfa 2, 16
  75 003c 13010101 		addi	sp,sp,16
  76              		.cfi_def_cfa_offset 0
  77 0040 67800000 		jr	ra
  78              		.cfi_endproc
  79              	.LFE0:
  81              	.Letext0:
  82              		.file 2 "src/Code/SystemCalls/../../../h/Code/SystemCalls/../../../lib/hw.h"
  83              		.file 3 "src/Code/SystemCalls/../../../h/Code/SystemCalls/ABI_Interface.h"
GAS LISTING /tmp/ccfRZt6d.s 			page 3


DEFINED SYMBOLS
                            *ABS*:0000000000000000 ABI_Interface.cpp
     /tmp/ccfRZt6d.s:9      .text:0000000000000000 _Z19prepareArgsAndEcallP11sysCallArgs
     /tmp/ccfRZt6d.s:13     .text:0000000000000000 .L0 
     /tmp/ccfRZt6d.s:15     .text:0000000000000000 .L0 
     /tmp/ccfRZt6d.s:16     .text:0000000000000004 .L0 
     /tmp/ccfRZt6d.s:18     .text:0000000000000008 .L0 
     /tmp/ccfRZt6d.s:20     .text:000000000000000c .L0 
     /tmp/ccfRZt6d.s:22     .text:000000000000000c .L0 
     /tmp/ccfRZt6d.s:23     .text:000000000000000c .L0 
src/Code/SystemCalls/ABI_Interface.cpp:8      .text:0000000000000010 .L0 
     /tmp/ccfRZt6d.s:30     .text:0000000000000014 .L0 
     /tmp/ccfRZt6d.s:32     .text:0000000000000014 .L0 
src/Code/SystemCalls/ABI_Interface.cpp:9      .text:0000000000000018 .L0 
     /tmp/ccfRZt6d.s:39     .text:000000000000001c .L0 
     /tmp/ccfRZt6d.s:41     .text:000000000000001c .L0 
src/Code/SystemCalls/ABI_Interface.cpp:10     .text:0000000000000020 .L0 
     /tmp/ccfRZt6d.s:48     .text:0000000000000024 .L0 
     /tmp/ccfRZt6d.s:50     .text:0000000000000024 .L0 
src/Code/SystemCalls/ABI_Interface.cpp:11     .text:0000000000000028 .L0 
     /tmp/ccfRZt6d.s:57     .text:000000000000002c .L0 
     /tmp/ccfRZt6d.s:59     .text:000000000000002c .L0 
src/Code/SystemCalls/ABI_Interface.cpp:12     .text:0000000000000030 .L0 
     /tmp/ccfRZt6d.s:66     .text:0000000000000034 .L0 
src/Code/SystemCalls/ABI_Interface.cpp:13     .text:0000000000000034 .L0 
     /tmp/ccfRZt6d.s:72     .text:0000000000000038 .L0 
     /tmp/ccfRZt6d.s:73     .text:000000000000003c .L0 
     /tmp/ccfRZt6d.s:74     .text:000000000000003c .L0 
     /tmp/ccfRZt6d.s:76     .text:0000000000000040 .L0 
     /tmp/ccfRZt6d.s:78     .text:0000000000000044 .L0 
     /tmp/ccfRZt6d.s:84     .text:0000000000000044 .L0 
     /tmp/ccfRZt6d.s:274    .debug_abbrev:0000000000000000 .Ldebug_abbrev0
     /tmp/ccfRZt6d.s:528    .debug_str:000000000000016e .LASF22
     /tmp/ccfRZt6d.s:488    .debug_str:0000000000000000 .LASF23
     /tmp/ccfRZt6d.s:506    .debug_str:0000000000000093 .LASF24
     /tmp/ccfRZt6d.s:5      .text:0000000000000000 .Ltext0
     /tmp/ccfRZt6d.s:81     .text:0000000000000044 .Letext0
     /tmp/ccfRZt6d.s:486    .debug_line:0000000000000000 .Ldebug_line0
     /tmp/ccfRZt6d.s:492    .debug_str:000000000000003b .LASF0
     /tmp/ccfRZt6d.s:526    .debug_str:000000000000015b .LASF1
     /tmp/ccfRZt6d.s:514    .debug_str:00000000000000dc .LASF2
     /tmp/ccfRZt6d.s:510    .debug_str:00000000000000c9 .LASF4
     /tmp/ccfRZt6d.s:504    .debug_str:0000000000000081 .LASF3
     /tmp/ccfRZt6d.s:498    .debug_str:0000000000000065 .LASF5
     /tmp/ccfRZt6d.s:508    .debug_str:00000000000000b6 .LASF6
     /tmp/ccfRZt6d.s:524    .debug_str:0000000000000148 .LASF7
     /tmp/ccfRZt6d.s:536    .debug_str:000000000000024b .LASF8
     /tmp/ccfRZt6d.s:494    .debug_str:0000000000000048 .LASF9
     /tmp/ccfRZt6d.s:496    .debug_str:0000000000000056 .LASF10
     /tmp/ccfRZt6d.s:530    .debug_str:0000000000000232 .LASF11
     /tmp/ccfRZt6d.s:500    .debug_str:000000000000006c .LASF12
     /tmp/ccfRZt6d.s:542    .debug_str:0000000000000265 .LASF13
     /tmp/ccfRZt6d.s:512    .debug_str:00000000000000d0 .LASF14
     /tmp/ccfRZt6d.s:522    .debug_str:0000000000000132 .LASF15
     /tmp/ccfRZt6d.s:516    .debug_str:00000000000000ea .LASF16
     /tmp/ccfRZt6d.s:520    .debug_str:0000000000000126 .LASF25
     /tmp/ccfRZt6d.s:532    .debug_str:0000000000000241 .LASF17
GAS LISTING /tmp/ccfRZt6d.s 			page 4


     /tmp/ccfRZt6d.s:534    .debug_str:0000000000000246 .LASF18
     /tmp/ccfRZt6d.s:502    .debug_str:000000000000007c .LASF19
     /tmp/ccfRZt6d.s:538    .debug_str:000000000000025b .LASF20
     /tmp/ccfRZt6d.s:540    .debug_str:0000000000000260 .LASF21
     /tmp/ccfRZt6d.s:490    .debug_str:0000000000000027 .LASF26
     /tmp/ccfRZt6d.s:518    .debug_str:0000000000000100 .LASF27
     /tmp/ccfRZt6d.s:10     .text:0000000000000000 .LFB0
     /tmp/ccfRZt6d.s:79     .text:0000000000000044 .LFE0
     /tmp/ccfRZt6d.s:85     .debug_info:0000000000000000 .Ldebug_info0

NO UNDEFINED SYMBOLS
