GAS LISTING /tmp/cck5wL5M.s 			page 1


   1              		.file	"KernelThreadFunctions.cpp"
   2              		.option pic
   3              		.option norelax
   4              		.text
   5              	.Ltext0:
   6              		.align	2
   7              		.globl	_Z24putcKernelThreadFunctionPv
   9              	_Z24putcKernelThreadFunctionPv:
  10              	.LFB50:
  11              		.file 1 "src/Code/Console/KernelThreadFunctions.cpp"
   1:src/Code/Console/KernelThreadFunctions.cpp **** #include "../../../h/Code/Console/KernelThreadFunctions.hpp"
   2:src/Code/Console/KernelThreadFunctions.cpp **** #include "../../../h/Code/Console/KernelBuffer.hpp"
   3:src/Code/Console/KernelThreadFunctions.cpp **** 
   4:src/Code/Console/KernelThreadFunctions.cpp **** void putcKernelThreadFunction(void* arg) {
  12              		.loc 1 4 42
  13              		.cfi_startproc
  14              	.LVL0:
  15 0000 130101FE 		addi	sp,sp,-32
  16              		.cfi_def_cfa_offset 32
  17 0004 233C1100 		sd	ra,24(sp)
  18 0008 23388100 		sd	s0,16(sp)
  19 000c 23349100 		sd	s1,8(sp)
  20              		.cfi_offset 1, -8
  21              		.cfi_offset 8, -16
  22              		.cfi_offset 9, -24
  23 0010 13040102 		addi	s0,sp,32
  24              		.cfi_def_cfa 8, 0
   5:src/Code/Console/KernelThreadFunctions.cpp ****     switchUserToSupervisor();
  25              		.loc 1 5 5
  26              		.loc 1 5 27 is_stmt 0
  27 0014 97000000 		call	_Z22switchUserToSupervisorv@plt
  27      E7800000 
  28              	.LVL1:
  29              	.L2:
   6:src/Code/Console/KernelThreadFunctions.cpp ****     while (true) {
  30              		.loc 1 6 5 is_stmt 1
  31              	.LBB2:
   7:src/Code/Console/KernelThreadFunctions.cpp ****         while (*reinterpret_cast<char*>(CONSOLE_STATUS) & CONSOLE_TX_STATUS_BIT) {
  32              		.loc 1 7 9
  33              		.loc 1 7 59
  34              		.loc 1 7 16 is_stmt 0
  35 001c 97070000 		la	a5,CONSOLE_STATUS
  35      83B70700 
  36 0024 83B40700 		ld	s1,0(a5)
  37 0028 83C70400 		lbu	a5,0(s1)
  38              		.loc 1 7 59
  39 002c 93F70702 		andi	a5,a5,32
  40 0030 E38607FE 		beqz	a5,.L2
  41              	.LBB3:
   8:src/Code/Console/KernelThreadFunctions.cpp ****             // sve dok je konzola spremna da primi podatak saljemo joj
   9:src/Code/Console/KernelThreadFunctions.cpp ****             char newCharacter = KernelBuffer::putcGetInstance()->removeFromBuffer();
  42              		.loc 1 9 13 is_stmt 1
  43              		.loc 1 9 82 is_stmt 0
  44 0034 97000000 		call	_ZN12KernelBuffer15putcGetInstanceEv@plt
  44      E7800000 
  45              	.LVL2:
  46 003c 97000000 		call	_ZN12KernelBuffer16removeFromBufferEv@plt
GAS LISTING /tmp/cck5wL5M.s 			page 2


  46      E7800000 
  47              	.LVL3:
  48              		.loc 1 9 83
  49 0044 1375F50F 		andi	a0,a0,0xff
  50              	.LVL4:
  10:src/Code/Console/KernelThreadFunctions.cpp ****             if (*reinterpret_cast<char*>(CONSOLE_STATUS) & CONSOLE_TX_STATUS_BIT) {
  51              		.loc 1 10 13 is_stmt 1
  52              		.loc 1 10 17 is_stmt 0
  53 0048 83C70400 		lbu	a5,0(s1)
  54              		.loc 1 10 13
  55 004c 93F70702 		andi	a5,a5,32
  56 0050 E38607FC 		beqz	a5,.L2
  11:src/Code/Console/KernelThreadFunctions.cpp ****                 *reinterpret_cast<char*>(CONSOLE_TX_DATA) = newCharacter;
  57              		.loc 1 11 17 is_stmt 1
  58 0054 97070000 		la	a5,CONSOLE_TX_DATA
  58      83B70700 
  59 005c 83B70700 		ld	a5,0(a5)
  60              		.loc 1 11 59 is_stmt 0
  61 0060 2380A700 		sb	a0,0(a5)
  62 0064 6FF09FFB 		j	.L2
  63              	.LBE3:
  64              	.LBE2:
  65              		.cfi_endproc
  66              	.LFE50:
  68              	.Letext0:
  69              		.file 2 "src/Code/Console/../../../h/Code/Console/../Semaphore/../Thread/../../../lib/hw.h"
  70              		.file 3 "src/Code/Console/../../../h/Code/Console/../Semaphore/../Thread/TCB.hpp"
  71              		.file 4 "src/Code/Console/../../../h/Code/Console/../Semaphore/KernelSemaphore.hpp"
  72              		.file 5 "src/Code/Console/../../../h/Code/Console/KernelBuffer.hpp"
  73              		.file 6 "src/Code/Console/../../../h/Code/Console/../SystemCalls/syscall_c.h"
GAS LISTING /tmp/cck5wL5M.s 			page 3


DEFINED SYMBOLS
                            *ABS*:0000000000000000 KernelThreadFunctions.cpp
     /tmp/cck5wL5M.s:9      .text:0000000000000000 _Z24putcKernelThreadFunctionPv
     /tmp/cck5wL5M.s:13     .text:0000000000000000 .L0 
     /tmp/cck5wL5M.s:15     .text:0000000000000000 .L0 
     /tmp/cck5wL5M.s:16     .text:0000000000000004 .L0 
     /tmp/cck5wL5M.s:20     .text:0000000000000010 .L0 
     /tmp/cck5wL5M.s:21     .text:0000000000000010 .L0 
     /tmp/cck5wL5M.s:22     .text:0000000000000010 .L0 
     /tmp/cck5wL5M.s:24     .text:0000000000000014 .L0 
     /tmp/cck5wL5M.s:26     .text:0000000000000014 .L0 
     /tmp/cck5wL5M.s:27     .text:0000000000000014 .L0 
     /tmp/cck5wL5M.s:32     .text:000000000000001c .L0 
     /tmp/cck5wL5M.s:33     .text:000000000000001c .L0 
     /tmp/cck5wL5M.s:34     .text:000000000000001c .L0 
     /tmp/cck5wL5M.s:35     .text:000000000000001c .L0 
     /tmp/cck5wL5M.s:39     .text:000000000000002c .L0 
     /tmp/cck5wL5M.s:43     .text:0000000000000034 .L0 
     /tmp/cck5wL5M.s:44     .text:0000000000000034 .L0 
     /tmp/cck5wL5M.s:49     .text:0000000000000044 .L0 
     /tmp/cck5wL5M.s:52     .text:0000000000000048 .L0 
     /tmp/cck5wL5M.s:53     .text:0000000000000048 .L0 
     /tmp/cck5wL5M.s:55     .text:000000000000004c .L0 
     /tmp/cck5wL5M.s:58     .text:0000000000000054 .L0 
     /tmp/cck5wL5M.s:61     .text:0000000000000060 .L0 
     /tmp/cck5wL5M.s:65     .text:0000000000000068 .L0 
     /tmp/cck5wL5M.s:74     .text:0000000000000068 .L0 
     /tmp/cck5wL5M.s:35     .text:000000000000001c .L0 
     /tmp/cck5wL5M.s:58     .text:0000000000000054 .L0 
     /tmp/cck5wL5M.s:29     .text:000000000000001c .L2
     /tmp/cck5wL5M.s:1320   .debug_abbrev:0000000000000000 .Ldebug_abbrev0
     /tmp/cck5wL5M.s:2320   .debug_str:0000000000000ad8 .LASF162
     /tmp/cck5wL5M.s:2206   .debug_str:000000000000065c .LASF163
     /tmp/cck5wL5M.s:2332   .debug_str:0000000000000be9 .LASF164
     /tmp/cck5wL5M.s:5      .text:0000000000000000 .Ltext0
     /tmp/cck5wL5M.s:68     .text:0000000000000068 .Letext0
     /tmp/cck5wL5M.s:2050   .debug_line:0000000000000000 .Ldebug_line0
     /tmp/cck5wL5M.s:2170   .debug_str:00000000000004dd .LASF0
     /tmp/cck5wL5M.s:2194   .debug_str:00000000000005e6 .LASF1
     /tmp/cck5wL5M.s:2270   .debug_str:0000000000000937 .LASF2
     /tmp/cck5wL5M.s:2278   .debug_str:0000000000000972 .LASF4
     /tmp/cck5wL5M.s:2180   .debug_str:000000000000053f .LASF3
     /tmp/cck5wL5M.s:2070   .debug_str:00000000000000bd .LASF5
     /tmp/cck5wL5M.s:2244   .debug_str:0000000000000819 .LASF6
     /tmp/cck5wL5M.s:2184   .debug_str:0000000000000574 .LASF7
     /tmp/cck5wL5M.s:2150   .debug_str:00000000000003ff .LASF8
     /tmp/cck5wL5M.s:2158   .debug_str:000000000000044a .LASF9
     /tmp/cck5wL5M.s:2102   .debug_str:00000000000001f7 .LASF10
     /tmp/cck5wL5M.s:2146   .debug_str:00000000000003e4 .LASF11
     /tmp/cck5wL5M.s:2114   .debug_str:0000000000000292 .LASF12
     /tmp/cck5wL5M.s:2100   .debug_str:00000000000001e7 .LASF13
     /tmp/cck5wL5M.s:2306   .debug_str:0000000000000a71 .LASF14
     /tmp/cck5wL5M.s:2136   .debug_str:000000000000035c .LASF15
     /tmp/cck5wL5M.s:2292   .debug_str:00000000000009e3 .LASF16
     /tmp/cck5wL5M.s:2314   .debug_str:0000000000000aa9 .LASF165
     /tmp/cck5wL5M.s:2304   .debug_str:0000000000000a64 .LASF17
     /tmp/cck5wL5M.s:2262   .debug_str:00000000000008ea .LASF19
GAS LISTING /tmp/cck5wL5M.s 			page 4


     /tmp/cck5wL5M.s:2240   .debug_str:00000000000007e9 .LASF166
     /tmp/cck5wL5M.s:2228   .debug_str:0000000000000784 .LASF21
     /tmp/cck5wL5M.s:2224   .debug_str:000000000000074d .LASF23
     /tmp/cck5wL5M.s:2088   .debug_str:0000000000000178 .LASF18
     /tmp/cck5wL5M.s:2342   .debug_str:0000000000000c44 .LASF20
     /tmp/cck5wL5M.s:2198   .debug_str:0000000000000603 .LASF22
     /tmp/cck5wL5M.s:2354   .debug_str:0000000000000cd4 .LASF24
     /tmp/cck5wL5M.s:2254   .debug_str:0000000000000899 .LASF25
     /tmp/cck5wL5M.s:2174   .debug_str:00000000000004fa .LASF26
     /tmp/cck5wL5M.s:2142   .debug_str:00000000000003a4 .LASF27
     /tmp/cck5wL5M.s:2182   .debug_str:0000000000000551 .LASF28
     /tmp/cck5wL5M.s:2098   .debug_str:00000000000001d0 .LASF29
     /tmp/cck5wL5M.s:2164   .debug_str:0000000000000487 .LASF30
     /tmp/cck5wL5M.s:2368   .debug_str:0000000000000d7b .LASF31
     /tmp/cck5wL5M.s:2060   .debug_str:000000000000004e .LASF32
     /tmp/cck5wL5M.s:2232   .debug_str:0000000000000795 .LASF33
     /tmp/cck5wL5M.s:2216   .debug_str:00000000000006f2 .LASF34
     /tmp/cck5wL5M.s:2294   .debug_str:00000000000009f9 .LASF35
     /tmp/cck5wL5M.s:2112   .debug_str:0000000000000272 .LASF37
     /tmp/cck5wL5M.s:2080   .debug_str:0000000000000127 .LASF65
     /tmp/cck5wL5M.s:2054   .debug_str:0000000000000013 .LASF67
     /tmp/cck5wL5M.s:2356   .debug_str:0000000000000ced .LASF36
     /tmp/cck5wL5M.s:2076   .debug_str:00000000000000ef .LASF38
     /tmp/cck5wL5M.s:2250   .debug_str:0000000000000852 .LASF39
     /tmp/cck5wL5M.s:2364   .debug_str:0000000000000d3e .LASF40
     /tmp/cck5wL5M.s:2238   .debug_str:00000000000007d6 .LASF41
     /tmp/cck5wL5M.s:2390   .debug_str:0000000000000e87 .LASF42
     /tmp/cck5wL5M.s:2156   .debug_str:0000000000000437 .LASF43
     /tmp/cck5wL5M.s:2226   .debug_str:0000000000000765 .LASF44
     /tmp/cck5wL5M.s:2052   .debug_str:0000000000000000 .LASF45
     /tmp/cck5wL5M.s:2190   .debug_str:00000000000005af .LASF46
     /tmp/cck5wL5M.s:2132   .debug_str:000000000000033c .LASF47
     /tmp/cck5wL5M.s:2248   .debug_str:000000000000083a .LASF48
     /tmp/cck5wL5M.s:2204   .debug_str:000000000000064f .LASF49
     /tmp/cck5wL5M.s:2168   .debug_str:00000000000004c4 .LASF50
     /tmp/cck5wL5M.s:2074   .debug_str:00000000000000d8 .LASF51
     /tmp/cck5wL5M.s:2260   .debug_str:00000000000008c7 .LASF52
     /tmp/cck5wL5M.s:2090   .debug_str:0000000000000184 .LASF53
     /tmp/cck5wL5M.s:2116   .debug_str:00000000000002a2 .LASF54
     /tmp/cck5wL5M.s:2288   .debug_str:00000000000009b9 .LASF55
     /tmp/cck5wL5M.s:2318   .debug_str:0000000000000ab6 .LASF56
     /tmp/cck5wL5M.s:2096   .debug_str:00000000000001b9 .LASF57
     /tmp/cck5wL5M.s:2370   .debug_str:0000000000000d92 .LASF58
     /tmp/cck5wL5M.s:2376   .debug_str:0000000000000dfc .LASF59
     /tmp/cck5wL5M.s:2188   .debug_str:0000000000000597 .LASF60
     /tmp/cck5wL5M.s:2382   .debug_str:0000000000000e1f .LASF61
     /tmp/cck5wL5M.s:2154   .debug_str:000000000000042b .LASF62
     /tmp/cck5wL5M.s:2094   .debug_str:00000000000001a9 .LASF63
     /tmp/cck5wL5M.s:2148   .debug_str:00000000000003f3 .LASF64
     /tmp/cck5wL5M.s:2172   .debug_str:00000000000004ea .LASF66
     /tmp/cck5wL5M.s:2214   .debug_str:00000000000006e5 .LASF68
     /tmp/cck5wL5M.s:2290   .debug_str:00000000000009d0 .LASF69
     /tmp/cck5wL5M.s:2272   .debug_str:0000000000000945 .LASF70
     /tmp/cck5wL5M.s:2280   .debug_str:0000000000000979 .LASF71
     /tmp/cck5wL5M.s:2064   .debug_str:0000000000000099 .LASF72
     /tmp/cck5wL5M.s:2066   .debug_str:00000000000000a5 .LASF167
     /tmp/cck5wL5M.s:2322   .debug_str:0000000000000b9c .LASF79
GAS LISTING /tmp/cck5wL5M.s 			page 5


     /tmp/cck5wL5M.s:2208   .debug_str:0000000000000687 .LASF81
     /tmp/cck5wL5M.s:2104   .debug_str:0000000000000206 .LASF73
     /tmp/cck5wL5M.s:2234   .debug_str:00000000000007ac .LASF74
     /tmp/cck5wL5M.s:2128   .debug_str:000000000000032e .LASF75
     /tmp/cck5wL5M.s:2108   .debug_str:0000000000000236 .LASF77
     /tmp/cck5wL5M.s:2092   .debug_str:000000000000019b .LASF76
     /tmp/cck5wL5M.s:2200   .debug_str:0000000000000610 .LASF78
     /tmp/cck5wL5M.s:2120   .debug_str:00000000000002da .LASF80
     /tmp/cck5wL5M.s:2062   .debug_str:0000000000000071 .LASF82
     /tmp/cck5wL5M.s:2286   .debug_str:00000000000009a8 .LASF91
     /tmp/cck5wL5M.s:2058   .debug_str:0000000000000049 .LASF83
     /tmp/cck5wL5M.s:2330   .debug_str:0000000000000bdf .LASF84
     /tmp/cck5wL5M.s:2378   .debug_str:0000000000000e08 .LASF85
     /tmp/cck5wL5M.s:2336   .debug_str:0000000000000c20 .LASF86
     /tmp/cck5wL5M.s:2312   .debug_str:0000000000000aa0 .LASF87
     /tmp/cck5wL5M.s:2334   .debug_str:0000000000000c0c .LASF88
     /tmp/cck5wL5M.s:2266   .debug_str:0000000000000913 .LASF89
     /tmp/cck5wL5M.s:2140   .debug_str:000000000000039a .LASF90
     /tmp/cck5wL5M.s:2068   .debug_str:00000000000000b3 .LASF92
     /tmp/cck5wL5M.s:2360   .debug_str:0000000000000d1d .LASF93
     /tmp/cck5wL5M.s:2186   .debug_str:0000000000000587 .LASF94
     /tmp/cck5wL5M.s:2258   .debug_str:00000000000008b7 .LASF95
     /tmp/cck5wL5M.s:2210   .debug_str:00000000000006ba .LASF96
     /tmp/cck5wL5M.s:2118   .debug_str:00000000000002c6 .LASF97
     /tmp/cck5wL5M.s:2274   .debug_str:0000000000000952 .LASF98
     /tmp/cck5wL5M.s:2350   .debug_str:0000000000000cb5 .LASF99
     /tmp/cck5wL5M.s:2264   .debug_str:000000000000090e .LASF100
     /tmp/cck5wL5M.s:2298   .debug_str:0000000000000a24 .LASF101
     /tmp/cck5wL5M.s:2282   .debug_str:000000000000097e .LASF102
     /tmp/cck5wL5M.s:2166   .debug_str:00000000000004ab .LASF103
     /tmp/cck5wL5M.s:2268   .debug_str:0000000000000927 .LASF104
     /tmp/cck5wL5M.s:2138   .debug_str:0000000000000372 .LASF105
     /tmp/cck5wL5M.s:2324   .debug_str:0000000000000bb6 .LASF106
     /tmp/cck5wL5M.s:2144   .debug_str:00000000000003bb .LASF107
     /tmp/cck5wL5M.s:2130   .debug_str:0000000000000337 .LASF108
     /tmp/cck5wL5M.s:2308   .debug_str:0000000000000a7d .LASF109
     /tmp/cck5wL5M.s:2310   .debug_str:0000000000000a99 .LASF110
     /tmp/cck5wL5M.s:2366   .debug_str:0000000000000d5d .LASF111
     /tmp/cck5wL5M.s:2236   .debug_str:00000000000007c4 .LASF112
     /tmp/cck5wL5M.s:2242   .debug_str:00000000000007ee .LASF113
     /tmp/cck5wL5M.s:2176   .debug_str:000000000000050d .LASF114
     /tmp/cck5wL5M.s:2106   .debug_str:000000000000021d .LASF115
     /tmp/cck5wL5M.s:2358   .debug_str:0000000000000d03 .LASF116
     /tmp/cck5wL5M.s:2086   .debug_str:000000000000015e .LASF117
     /tmp/cck5wL5M.s:2134   .debug_str:0000000000000349 .LASF118
     /tmp/cck5wL5M.s:2302   .debug_str:0000000000000a39 .LASF119
     /tmp/cck5wL5M.s:2284   .debug_str:000000000000098f .LASF120
     /tmp/cck5wL5M.s:2346   .debug_str:0000000000000c71 .LASF121
     /tmp/cck5wL5M.s:2056   .debug_str:0000000000000030 .LASF122
     /tmp/cck5wL5M.s:2152   .debug_str:000000000000040f .LASF123
     /tmp/cck5wL5M.s:2372   .debug_str:0000000000000db5 .LASF124
     /tmp/cck5wL5M.s:2218   .debug_str:0000000000000716 .LASF125
     /tmp/cck5wL5M.s:2252   .debug_str:0000000000000865 .LASF126
     /tmp/cck5wL5M.s:2374   .debug_str:0000000000000ded .LASF127
     /tmp/cck5wL5M.s:2348   .debug_str:0000000000000ca2 .LASF128
     /tmp/cck5wL5M.s:2328   .debug_str:0000000000000bcc .LASF129
     /tmp/cck5wL5M.s:2316   .debug_str:0000000000000ab1 .LASF130
GAS LISTING /tmp/cck5wL5M.s 			page 6


     /tmp/cck5wL5M.s:2340   .debug_str:0000000000000c37 .LASF131
     /tmp/cck5wL5M.s:2388   .debug_str:0000000000000e77 .LASF132
     /tmp/cck5wL5M.s:2124   .debug_str:00000000000002f2 .LASF134
     /tmp/cck5wL5M.s:2160   .debug_str:0000000000000458 .LASF133
     /tmp/cck5wL5M.s:2386   .debug_str:0000000000000e52 .LASF135
     /tmp/cck5wL5M.s:2246   .debug_str:000000000000082c .LASF136
     /tmp/cck5wL5M.s:2256   .debug_str:00000000000008a1 .LASF137
     /tmp/cck5wL5M.s:2380   .debug_str:0000000000000e0e .LASF138
     /tmp/cck5wL5M.s:2384   .debug_str:0000000000000e2c .LASF139
     /tmp/cck5wL5M.s:2276   .debug_str:0000000000000961 .LASF140
     /tmp/cck5wL5M.s:2202   .debug_str:0000000000000629 .LASF141
     /tmp/cck5wL5M.s:2072   .debug_str:00000000000000c4 .LASF142
     /tmp/cck5wL5M.s:2110   .debug_str:0000000000000249 .LASF143
     /tmp/cck5wL5M.s:2352   .debug_str:0000000000000cbe .LASF144
     /tmp/cck5wL5M.s:2344   .debug_str:0000000000000c5b .LASF145
     /tmp/cck5wL5M.s:2126   .debug_str:0000000000000317 .LASF146
     /tmp/cck5wL5M.s:2192   .debug_str:00000000000005cf .LASF147
     /tmp/cck5wL5M.s:2296   .debug_str:0000000000000a0e .LASF148
     /tmp/cck5wL5M.s:2212   .debug_str:00000000000006ce .LASF149
     /tmp/cck5wL5M.s:2362   .debug_str:0000000000000d27 .LASF150
     /tmp/cck5wL5M.s:2082   .debug_str:0000000000000139 .LASF151
     /tmp/cck5wL5M.s:2326   .debug_str:0000000000000bc5 .LASF152
     /tmp/cck5wL5M.s:2300   .debug_str:0000000000000a34 .LASF153
     /tmp/cck5wL5M.s:2230   .debug_str:0000000000000790 .LASF154
     /tmp/cck5wL5M.s:2338   .debug_str:0000000000000c28 .LASF155
     /tmp/cck5wL5M.s:2220   .debug_str:0000000000000732 .LASF156
     /tmp/cck5wL5M.s:2196   .debug_str:00000000000005f9 .LASF157
     /tmp/cck5wL5M.s:2122   .debug_str:00000000000002e8 .LASF158
     /tmp/cck5wL5M.s:2178   .debug_str:0000000000000526 .LASF159
     /tmp/cck5wL5M.s:2162   .debug_str:0000000000000468 .LASF160
     /tmp/cck5wL5M.s:10     .text:0000000000000000 .LFB50
     /tmp/cck5wL5M.s:66     .text:0000000000000068 .LFE50
     /tmp/cck5wL5M.s:2023   .debug_loc:0000000000000000 .LLST0
     /tmp/cck5wL5M.s:41     .text:0000000000000034 .LBB3
     /tmp/cck5wL5M.s:63     .text:0000000000000068 .LBE3
     /tmp/cck5wL5M.s:2222   .debug_str:0000000000000740 .LASF161
     /tmp/cck5wL5M.s:45     .text:000000000000003c .LVL2
     /tmp/cck5wL5M.s:47     .text:0000000000000044 .LVL3
     /tmp/cck5wL5M.s:28     .text:000000000000001c .LVL1
     /tmp/cck5wL5M.s:2084   .debug_str:0000000000000142 .LASF168
     /tmp/cck5wL5M.s:2078   .debug_str:0000000000000110 .LASF169
     /tmp/cck5wL5M.s:14     .text:0000000000000000 .LVL0
     /tmp/cck5wL5M.s:75     .debug_info:0000000000000000 .Ldebug_info0

UNDEFINED SYMBOLS
_Z22switchUserToSupervisorv
CONSOLE_STATUS
_ZN12KernelBuffer15putcGetInstanceEv
_ZN12KernelBuffer16removeFromBufferEv
CONSOLE_TX_DATA
